Restore Archived Project report for lab3
Fri Feb 28 21:04:03 2020
Quartus Prime Version 17.1.0 Build 590 10/25/2017 SJ Lite Edition


---------------------
; Table of Contents ;
---------------------
  1. Legal Notice
  2. Restore Archived Project Summary
  3. Restore Archived Project Messages
  4. Files Restored
  5. Files Not Restored



----------------
; Legal Notice ;
----------------
Copyright (C) 2017  Intel Corporation. All rights reserved.
Your use of Intel Corporation's design tools, logic functions 
and other software and tools, and its AMPP partner logic 
functions, and any output files from any of the foregoing 
(including device programming or simulation files), and any 
associated documentation or information are expressly subject 
to the terms and conditions of the Intel Program License 
Subscription Agreement, the Intel Quartus Prime License Agreement,
the Intel FPGA IP License Agreement, or other applicable license
agreement, including, without limitation, that your use is for
the sole purpose of programming logic devices manufactured by
Intel and sold by Intel or its authorized distributors.  Please
refer to the applicable agreement for further details.



+-------------------------------------------------------------------------+
; Restore Archived Project Summary                                        ;
+---------------------------------+---------------------------------------+
; Restore Archived Project Status ; Successful - Fri Feb 28 21:04:03 2020 ;
; Revision Name                   ; lab3                                  ;
; Top-level Entity Name           ; lab3                                  ;
; Family                          ; Cyclone V                             ;
+---------------------------------+---------------------------------------+


+-----------------------------------+
; Restore Archived Project Messages ;
+-----------------------------------+
Warning (292006): Can't contact license server "27000@alteralm.cas.mcmaster.ca" -- this server will be ignored.
Info: Successfully restored 'C:/Users/Laura/McMaster 3/MECHTRON 3TB4/lab3/lab3/lab3.qar' into the 'C:/Users/Laura/McMaster 3/MECHTRON 3TB4/lab3/lab3/lab3_restored/' directory
Info: Generated report 'lab3.restore.rpt'
Info (23030): Evaluation of Tcl script c:/intelfpga_lite/17.1/quartus/common/tcl/apps/qpm/qar.tcl was successful
Info: Quartus Prime Shell was successful. 0 errors, 1 warning
    Info: Peak virtual memory: 4874 megabytes
    Info: Processing ended: Fri Feb 28 21:04:03 2020
    Info: Elapsed time: 00:00:05
    Info: Total CPU time (on all processors): 00:00:02


+-------------------------+
; Files Restored          ;
+-------------------------+
; File Name               ;
+-------------------------+
; qar_info.json           ;
; CLOCK_500.v             ;
; dsp_subsystem.v         ;
; i2c.v                   ;
; keytr.v                 ;
; lab3.qpf                ;
; lab3.qsf                ;
; lab3.v                  ;
; parallel_to_serial.v    ;
; serial_to_parallel.v    ;
; assignment_defaults.qdf ;
+-------------------------+


+--------------------+
; Files Not Restored ;
+--------------------+
; File Name          ;
+--------------------+


