Analysis & Synthesis report for lab2
Sun Feb 09 16:22:06 2020
Quartus Prime Version 17.1.0 Build 590 10/25/2017 SJ Lite Edition


---------------------
; Table of Contents ;
---------------------
  1. Legal Notice
  2. Analysis & Synthesis Summary
  3. Analysis & Synthesis Settings
  4. Parallel Compilation
  5. Analysis & Synthesis Source Files Read
  6. Analysis & Synthesis Resource Usage Summary
  7. Analysis & Synthesis Resource Utilization by Entity
  8. User-Specified and Inferred Latches
  9. Registers Removed During Synthesis
 10. General Register Statistics
 11. Inverted Register Statistics
 12. Multiplexer Restructuring Statistics (Restructuring Performed)
 13. Parameter Settings for User Entity Instance: Top-level Entity: |lab2
 14. Parameter Settings for User Entity Instance: clock_divider:comb_36
 15. Parameter Settings for User Entity Instance: blinkHEX:comb_40
 16. Parameter Settings for Inferred Entity Instance: random:comb_39|lpm_divide:Mod0
 17. Port Connectivity Checks: "random:comb_39"
 18. Port Connectivity Checks: "counter:comb_37"
 19. Post-Synthesis Netlist Statistics for Top Partition
 20. Elapsed Time Per Partition
 21. Analysis & Synthesis Messages



----------------
; Legal Notice ;
----------------
Copyright (C) 2017  Intel Corporation. All rights reserved.
Your use of Intel Corporation's design tools, logic functions 
and other software and tools, and its AMPP partner logic 
functions, and any output files from any of the foregoing 
(including device programming or simulation files), and any 
associated documentation or information are expressly subject 
to the terms and conditions of the Intel Program License 
Subscription Agreement, the Intel Quartus Prime License Agreement,
the Intel FPGA IP License Agreement, or other applicable license
agreement, including, without limitation, that your use is for
the sole purpose of programming logic devices manufactured by
Intel and sold by Intel or its authorized distributors.  Please
refer to the applicable agreement for further details.



+-------------------------------------------------------------------------------+
; Analysis & Synthesis Summary                                                  ;
+---------------------------------+---------------------------------------------+
; Analysis & Synthesis Status     ; Successful - Sun Feb 09 16:22:05 2020       ;
; Quartus Prime Version           ; 17.1.0 Build 590 10/25/2017 SJ Lite Edition ;
; Revision Name                   ; lab2                                        ;
; Top-level Entity Name           ; lab2                                        ;
; Family                          ; Cyclone V                                   ;
; Logic utilization (in ALMs)     ; N/A                                         ;
; Total registers                 ; 126                                         ;
; Total pins                      ; 57                                          ;
; Total virtual pins              ; 0                                           ;
; Total block memory bits         ; 0                                           ;
; Total DSP Blocks                ; 0                                           ;
; Total HSSI RX PCSs              ; 0                                           ;
; Total HSSI PMA RX Deserializers ; 0                                           ;
; Total HSSI TX PCSs              ; 0                                           ;
; Total HSSI PMA TX Serializers   ; 0                                           ;
; Total PLLs                      ; 0                                           ;
; Total DLLs                      ; 0                                           ;
+---------------------------------+---------------------------------------------+


+---------------------------------------------------------------------------------------------------------------------------+
; Analysis & Synthesis Settings                                                                                             ;
+---------------------------------------------------------------------------------+--------------------+--------------------+
; Option                                                                          ; Setting            ; Default Value      ;
+---------------------------------------------------------------------------------+--------------------+--------------------+
; Device                                                                          ; 5CSEMA5F31C6       ;                    ;
; Top-level entity name                                                           ; lab2               ; lab2               ;
; Family name                                                                     ; Cyclone V          ; Cyclone V          ;
; Use smart compilation                                                           ; Off                ; Off                ;
; Enable parallel Assembler and TimeQuest Timing Analyzer during compilation      ; On                 ; On                 ;
; Enable compact report table                                                     ; Off                ; Off                ;
; Restructure Multiplexers                                                        ; Auto               ; Auto               ;
; MLAB Add Timing Constraints For Mixed-Port Feed-Through Mode Setting Don't Care ; Off                ; Off                ;
; Create Debugging Nodes for IP Cores                                             ; Off                ; Off                ;
; Preserve fewer node names                                                       ; On                 ; On                 ;
; Intel FPGA IP Evaluation Mode                                                   ; Enable             ; Enable             ;
; Verilog Version                                                                 ; Verilog_2001       ; Verilog_2001       ;
; VHDL Version                                                                    ; VHDL_1993          ; VHDL_1993          ;
; State Machine Processing                                                        ; Auto               ; Auto               ;
; Safe State Machine                                                              ; Off                ; Off                ;
; Extract Verilog State Machines                                                  ; On                 ; On                 ;
; Extract VHDL State Machines                                                     ; On                 ; On                 ;
; Ignore Verilog initial constructs                                               ; Off                ; Off                ;
; Iteration limit for constant Verilog loops                                      ; 5000               ; 5000               ;
; Iteration limit for non-constant Verilog loops                                  ; 250                ; 250                ;
; Add Pass-Through Logic to Inferred RAMs                                         ; On                 ; On                 ;
; Infer RAMs from Raw Logic                                                       ; On                 ; On                 ;
; Parallel Synthesis                                                              ; On                 ; On                 ;
; DSP Block Balancing                                                             ; Auto               ; Auto               ;
; NOT Gate Push-Back                                                              ; On                 ; On                 ;
; Power-Up Don't Care                                                             ; On                 ; On                 ;
; Remove Redundant Logic Cells                                                    ; Off                ; Off                ;
; Remove Duplicate Registers                                                      ; On                 ; On                 ;
; Ignore CARRY Buffers                                                            ; Off                ; Off                ;
; Ignore CASCADE Buffers                                                          ; Off                ; Off                ;
; Ignore GLOBAL Buffers                                                           ; Off                ; Off                ;
; Ignore ROW GLOBAL Buffers                                                       ; Off                ; Off                ;
; Ignore LCELL Buffers                                                            ; Off                ; Off                ;
; Ignore SOFT Buffers                                                             ; On                 ; On                 ;
; Limit AHDL Integers to 32 Bits                                                  ; Off                ; Off                ;
; Optimization Technique                                                          ; Balanced           ; Balanced           ;
; Carry Chain Length                                                              ; 70                 ; 70                 ;
; Auto Carry Chains                                                               ; On                 ; On                 ;
; Auto Open-Drain Pins                                                            ; On                 ; On                 ;
; Perform WYSIWYG Primitive Resynthesis                                           ; Off                ; Off                ;
; Auto ROM Replacement                                                            ; On                 ; On                 ;
; Auto RAM Replacement                                                            ; On                 ; On                 ;
; Auto DSP Block Replacement                                                      ; On                 ; On                 ;
; Auto Shift Register Replacement                                                 ; Auto               ; Auto               ;
; Allow Shift Register Merging across Hierarchies                                 ; Auto               ; Auto               ;
; Auto Clock Enable Replacement                                                   ; On                 ; On                 ;
; Strict RAM Replacement                                                          ; Off                ; Off                ;
; Allow Synchronous Control Signals                                               ; On                 ; On                 ;
; Force Use of Synchronous Clear Signals                                          ; Off                ; Off                ;
; Auto Resource Sharing                                                           ; Off                ; Off                ;
; Allow Any RAM Size For Recognition                                              ; Off                ; Off                ;
; Allow Any ROM Size For Recognition                                              ; Off                ; Off                ;
; Allow Any Shift Register Size For Recognition                                   ; Off                ; Off                ;
; Use LogicLock Constraints during Resource Balancing                             ; On                 ; On                 ;
; Ignore translate_off and synthesis_off directives                               ; Off                ; Off                ;
; Timing-Driven Synthesis                                                         ; On                 ; On                 ;
; Report Parameter Settings                                                       ; On                 ; On                 ;
; Report Source Assignments                                                       ; On                 ; On                 ;
; Report Connectivity Checks                                                      ; On                 ; On                 ;
; Ignore Maximum Fan-Out Assignments                                              ; Off                ; Off                ;
; Synchronization Register Chain Length                                           ; 3                  ; 3                  ;
; Power Optimization During Synthesis                                             ; Normal compilation ; Normal compilation ;
; HDL message level                                                               ; Level2             ; Level2             ;
; Suppress Register Optimization Related Messages                                 ; Off                ; Off                ;
; Number of Removed Registers Reported in Synthesis Report                        ; 5000               ; 5000               ;
; Number of Swept Nodes Reported in Synthesis Report                              ; 5000               ; 5000               ;
; Number of Inverted Registers Reported in Synthesis Report                       ; 100                ; 100                ;
; Clock MUX Protection                                                            ; On                 ; On                 ;
; Auto Gated Clock Conversion                                                     ; Off                ; Off                ;
; Block Design Naming                                                             ; Auto               ; Auto               ;
; SDC constraint protection                                                       ; Off                ; Off                ;
; Synthesis Effort                                                                ; Auto               ; Auto               ;
; Shift Register Replacement - Allow Asynchronous Clear Signal                    ; On                 ; On                 ;
; Pre-Mapping Resynthesis Optimization                                            ; Off                ; Off                ;
; Analysis & Synthesis Message Level                                              ; Medium             ; Medium             ;
; Disable Register Merging Across Hierarchies                                     ; Auto               ; Auto               ;
; Resource Aware Inference For Block RAM                                          ; On                 ; On                 ;
; Automatic Parallel Synthesis                                                    ; On                 ; On                 ;
; Partial Reconfiguration Bitstream ID                                            ; Off                ; Off                ;
+---------------------------------------------------------------------------------+--------------------+--------------------+


+------------------------------------------+
; Parallel Compilation                     ;
+----------------------------+-------------+
; Processors                 ; Number      ;
+----------------------------+-------------+
; Number detected on machine ; 4           ;
; Maximum allowed            ; 2           ;
;                            ;             ;
; Average used               ; 1.00        ;
; Maximum used               ; 2           ;
;                            ;             ;
; Usage by Processor         ; % Time Used ;
;     Processor 1            ; 100.0%      ;
;     Processor 2            ;   0.0%      ;
+----------------------------+-------------+


+--------------------------------------------------------------------------------------------------------------------------------------------------------------------------+
; Analysis & Synthesis Source Files Read                                                                                                                                   ;
+----------------------------------+-----------------+------------------------------+----------------------------------------------------------------------------+---------+
; File Name with User-Entered Path ; Used in Netlist ; File Type                    ; File Name with Absolute Path                                               ; Library ;
+----------------------------------+-----------------+------------------------------+----------------------------------------------------------------------------+---------+
; counter.v                        ; yes             ; User Verilog HDL File        ; C:/Users/Adam/Programming/3tb4/2lab/counter.v                              ;         ;
; clock_divider.v                  ; yes             ; User Verilog HDL File        ; C:/Users/Adam/Programming/3tb4/2lab/clock_divider.v                        ;         ;
; blinkHEX.v                       ; yes             ; User Verilog HDL File        ; C:/Users/Adam/Programming/3tb4/2lab/blinkHEX.v                             ;         ;
; lab2.v                           ; yes             ; User Verilog HDL File        ; C:/Users/Adam/Programming/3tb4/2lab/lab2.v                                 ;         ;
; lpm_divide.tdf                   ; yes             ; Megafunction                 ; c:/intelfpga_lite/17.1/quartus/libraries/megafunctions/lpm_divide.tdf      ;         ;
; abs_divider.inc                  ; yes             ; Megafunction                 ; c:/intelfpga_lite/17.1/quartus/libraries/megafunctions/abs_divider.inc     ;         ;
; sign_div_unsign.inc              ; yes             ; Megafunction                 ; c:/intelfpga_lite/17.1/quartus/libraries/megafunctions/sign_div_unsign.inc ;         ;
; aglobal171.inc                   ; yes             ; Megafunction                 ; c:/intelfpga_lite/17.1/quartus/libraries/megafunctions/aglobal171.inc      ;         ;
; db/lpm_divide_55m.tdf            ; yes             ; Auto-Generated Megafunction  ; C:/Users/Adam/Programming/3tb4/2lab/db/lpm_divide_55m.tdf                  ;         ;
; db/sign_div_unsign_8nh.tdf       ; yes             ; Auto-Generated Megafunction  ; C:/Users/Adam/Programming/3tb4/2lab/db/sign_div_unsign_8nh.tdf             ;         ;
; db/alt_u_div_m2f.tdf             ; yes             ; Auto-Generated Megafunction  ; C:/Users/Adam/Programming/3tb4/2lab/db/alt_u_div_m2f.tdf                   ;         ;
+----------------------------------+-----------------+------------------------------+----------------------------------------------------------------------------+---------+


+------------------------------------------------------------------------------+
; Analysis & Synthesis Resource Usage Summary                                  ;
+---------------------------------------------+--------------------------------+
; Resource                                    ; Usage                          ;
+---------------------------------------------+--------------------------------+
; Estimate of Logic utilization (ALMs needed) ; 411                            ;
;                                             ;                                ;
; Combinational ALUT usage for logic          ; 658                            ;
;     -- 7 input functions                    ; 4                              ;
;     -- 6 input functions                    ; 155                            ;
;     -- 5 input functions                    ; 142                            ;
;     -- 4 input functions                    ; 107                            ;
;     -- <=3 input functions                  ; 250                            ;
;                                             ;                                ;
; Dedicated logic registers                   ; 126                            ;
;                                             ;                                ;
; I/O pins                                    ; 57                             ;
;                                             ;                                ;
; Total DSP Blocks                            ; 0                              ;
;                                             ;                                ;
; Maximum fan-out node                        ; clock_divider:comb_36|Pulse_ms ;
; Maximum fan-out                             ; 74                             ;
; Total fan-out                               ; 3248                           ;
; Average fan-out                             ; 3.62                           ;
+---------------------------------------------+--------------------------------+


+-----------------------------------------------------------------------------------------------------------------------------------------------------------------------------------------------------------------------------------------------------------------------------------------------------------------+
; Analysis & Synthesis Resource Utilization by Entity                                                                                                                                                                                                                                                             ;
+-------------------------------------------+---------------------+---------------------------+-------------------+------------+------+--------------+----------------------------------------------------------------------------------------------------------------------+----------------------+--------------+
; Compilation Hierarchy Node                ; Combinational ALUTs ; Dedicated Logic Registers ; Block Memory Bits ; DSP Blocks ; Pins ; Virtual Pins ; Full Hierarchy Name                                                                                                  ; Entity Name          ; Library Name ;
+-------------------------------------------+---------------------+---------------------------+-------------------+------------+------+--------------+----------------------------------------------------------------------------------------------------------------------+----------------------+--------------+
; |lab2                                     ; 658 (107)           ; 126 (19)                  ; 0                 ; 0          ; 57   ; 0            ; |lab2                                                                                                                ; lab2                 ; work         ;
;    |blinkHEX:comb_40|                     ; 17 (17)             ; 13 (13)                   ; 0                 ; 0          ; 0    ; 0            ; |lab2|blinkHEX:comb_40                                                                                               ; blinkHEX             ; work         ;
;    |clock_divider:comb_36|                ; 43 (43)             ; 33 (33)                   ; 0                 ; 0          ; 0    ; 0            ; |lab2|clock_divider:comb_36                                                                                          ; clock_divider        ; work         ;
;    |counter:comb_37|                      ; 20 (20)             ; 20 (20)                   ; 0                 ; 0          ; 0    ; 0            ; |lab2|counter:comb_37                                                                                                ; counter              ; work         ;
;    |counter:comb_38|                      ; 20 (20)             ; 20 (20)                   ; 0                 ; 0          ; 0    ; 0            ; |lab2|counter:comb_38                                                                                                ; counter              ; work         ;
;    |hex_to_bcd_converter:comb_41|         ; 119 (119)           ; 0 (0)                     ; 0                 ; 0          ; 0    ; 0            ; |lab2|hex_to_bcd_converter:comb_41                                                                                   ; hex_to_bcd_converter ; work         ;
;    |hex_to_bcd_converter:comb_42|         ; 174 (174)           ; 0 (0)                     ; 0                 ; 0          ; 0    ; 0            ; |lab2|hex_to_bcd_converter:comb_42                                                                                   ; hex_to_bcd_converter ; work         ;
;    |mux_4to1_case:comb_43|                ; 10 (10)             ; 0 (0)                     ; 0                 ; 0          ; 0    ; 0            ; |lab2|mux_4to1_case:comb_43                                                                                          ; mux_4to1_case        ; work         ;
;    |mux_4to1_case:comb_44|                ; 9 (9)               ; 0 (0)                     ; 0                 ; 0          ; 0    ; 0            ; |lab2|mux_4to1_case:comb_44                                                                                          ; mux_4to1_case        ; work         ;
;    |mux_4to1_case:comb_45|                ; 7 (7)               ; 0 (0)                     ; 0                 ; 0          ; 0    ; 0            ; |lab2|mux_4to1_case:comb_45                                                                                          ; mux_4to1_case        ; work         ;
;    |mux_4to1_case:comb_46|                ; 9 (9)               ; 0 (0)                     ; 0                 ; 0          ; 0    ; 0            ; |lab2|mux_4to1_case:comb_46                                                                                          ; mux_4to1_case        ; work         ;
;    |mux_4to1_case:comb_47|                ; 8 (8)               ; 0 (0)                     ; 0                 ; 0          ; 0    ; 0            ; |lab2|mux_4to1_case:comb_47                                                                                          ; mux_4to1_case        ; work         ;
;    |mux_4to1_case:comb_48|                ; 6 (6)               ; 0 (0)                     ; 0                 ; 0          ; 0    ; 0            ; |lab2|mux_4to1_case:comb_48                                                                                          ; mux_4to1_case        ; work         ;
;    |random:comb_39|                       ; 67 (16)             ; 21 (21)                   ; 0                 ; 0          ; 0    ; 0            ; |lab2|random:comb_39                                                                                                 ; random               ; work         ;
;       |lpm_divide:Mod0|                   ; 51 (0)              ; 0 (0)                     ; 0                 ; 0          ; 0    ; 0            ; |lab2|random:comb_39|lpm_divide:Mod0                                                                                 ; lpm_divide           ; work         ;
;          |lpm_divide_55m:auto_generated|  ; 51 (0)              ; 0 (0)                     ; 0                 ; 0          ; 0    ; 0            ; |lab2|random:comb_39|lpm_divide:Mod0|lpm_divide_55m:auto_generated                                                   ; lpm_divide_55m       ; work         ;
;             |sign_div_unsign_8nh:divider| ; 51 (0)              ; 0 (0)                     ; 0                 ; 0          ; 0    ; 0            ; |lab2|random:comb_39|lpm_divide:Mod0|lpm_divide_55m:auto_generated|sign_div_unsign_8nh:divider                       ; sign_div_unsign_8nh  ; work         ;
;                |alt_u_div_m2f:divider|    ; 51 (51)             ; 0 (0)                     ; 0                 ; 0          ; 0    ; 0            ; |lab2|random:comb_39|lpm_divide:Mod0|lpm_divide_55m:auto_generated|sign_div_unsign_8nh:divider|alt_u_div_m2f:divider ; alt_u_div_m2f        ; work         ;
;    |seven_seg_decoder:decoder0|           ; 7 (7)               ; 0 (0)                     ; 0                 ; 0          ; 0    ; 0            ; |lab2|seven_seg_decoder:decoder0                                                                                     ; seven_seg_decoder    ; work         ;
;    |seven_seg_decoder:decoder1|           ; 7 (7)               ; 0 (0)                     ; 0                 ; 0          ; 0    ; 0            ; |lab2|seven_seg_decoder:decoder1                                                                                     ; seven_seg_decoder    ; work         ;
;    |seven_seg_decoder:decoder2|           ; 7 (7)               ; 0 (0)                     ; 0                 ; 0          ; 0    ; 0            ; |lab2|seven_seg_decoder:decoder2                                                                                     ; seven_seg_decoder    ; work         ;
;    |seven_seg_decoder:decoder3|           ; 7 (7)               ; 0 (0)                     ; 0                 ; 0          ; 0    ; 0            ; |lab2|seven_seg_decoder:decoder3                                                                                     ; seven_seg_decoder    ; work         ;
;    |seven_seg_decoder:decoder4|           ; 7 (7)               ; 0 (0)                     ; 0                 ; 0          ; 0    ; 0            ; |lab2|seven_seg_decoder:decoder4                                                                                     ; seven_seg_decoder    ; work         ;
;    |seven_seg_decoder:decoder5|           ; 7 (7)               ; 0 (0)                     ; 0                 ; 0          ; 0    ; 0            ; |lab2|seven_seg_decoder:decoder5                                                                                     ; seven_seg_decoder    ; work         ;
+-------------------------------------------+---------------------+---------------------------+-------------------+------------+------+--------------+----------------------------------------------------------------------------------------------------------------------+----------------------+--------------+
Note: For table entries with two numbers listed, the numbers in parentheses indicate the number of resources of the given type used by the specific entity alone. The numbers listed outside of parentheses indicate the total resources of the given type used by the specific entity and all of its sub-entities in the hierarchy.


+----------------------------------------------------------------------------------------------------+
; User-Specified and Inferred Latches                                                                ;
+-----------------------------------------------------+---------------------+------------------------+
; Latch Name                                          ; Latch Enable Signal ; Free of Timing Hazards ;
+-----------------------------------------------------+---------------------+------------------------+
; player2_cheating                                    ; state.OFF           ; yes                    ;
; player1_cheating                                    ; state.OFF           ; yes                    ;
; winner_time[0]                                      ; Selector30          ; yes                    ;
; winner_time[1]                                      ; Selector30          ; yes                    ;
; winner_time[2]                                      ; Selector30          ; yes                    ;
; winner_time[3]                                      ; Selector30          ; yes                    ;
; winner_time[4]                                      ; Selector30          ; yes                    ;
; winner_time[5]                                      ; Selector30          ; yes                    ;
; winner_time[6]                                      ; Selector30          ; yes                    ;
; winner_time[7]                                      ; Selector30          ; yes                    ;
; winner_time[8]                                      ; Selector30          ; yes                    ;
; winner_time[9]                                      ; Selector30          ; yes                    ;
; winner_time[10]                                     ; Selector30          ; yes                    ;
; winner_time[11]                                     ; Selector30          ; yes                    ;
; winner_time[12]                                     ; Selector30          ; yes                    ;
; winner_time[13]                                     ; Selector30          ; yes                    ;
; winner_time[14]                                     ; Selector30          ; yes                    ;
; winner_time[15]                                     ; Selector30          ; yes                    ;
; winner_time[16]                                     ; Selector30          ; yes                    ;
; winner_time[17]                                     ; Selector30          ; yes                    ;
; winner_time[19]                                     ; Selector30          ; yes                    ;
; winner_time[18]                                     ; Selector30          ; yes                    ;
; Number of user-specified and inferred latches = 22  ;                     ;                        ;
+-----------------------------------------------------+---------------------+------------------------+
Note: All latches listed above may not be present at the end of synthesis due to various synthesis optimizations.


+---------------------------------------------------------------------------------+
; Registers Removed During Synthesis                                              ;
+----------------------------------------+----------------------------------------+
; Register name                          ; Reason for Removal                     ;
+----------------------------------------+----------------------------------------+
; blinkHEX:comb_40|d0[0..3]              ; Merged with blinkHEX:comb_40|d5[0]     ;
; blinkHEX:comb_40|d1[0..3]              ; Merged with blinkHEX:comb_40|d5[0]     ;
; blinkHEX:comb_40|d2[0..3]              ; Merged with blinkHEX:comb_40|d5[0]     ;
; blinkHEX:comb_40|d3[0..3]              ; Merged with blinkHEX:comb_40|d5[0]     ;
; blinkHEX:comb_40|d4[0..3]              ; Merged with blinkHEX:comb_40|d5[0]     ;
; blinkHEX:comb_40|d5[1..3]              ; Merged with blinkHEX:comb_40|d5[0]     ;
; random:comb_39|random[13]              ; Stuck at GND due to stuck port data_in ;
; Total Number of Removed Registers = 24 ;                                        ;
+----------------------------------------+----------------------------------------+


+------------------------------------------------------+
; General Register Statistics                          ;
+----------------------------------------------+-------+
; Statistic                                    ; Value ;
+----------------------------------------------+-------+
; Total registers                              ; 126   ;
; Number of registers using Synchronous Clear  ; 46    ;
; Number of registers using Synchronous Load   ; 13    ;
; Number of registers using Asynchronous Clear ; 111   ;
; Number of registers using Asynchronous Load  ; 0     ;
; Number of registers using Clock Enable       ; 57    ;
; Number of registers using Preset             ; 0     ;
+----------------------------------------------+-------+


+--------------------------------------------------+
; Inverted Register Statistics                     ;
+----------------------------------------+---------+
; Inverted Register                      ; Fan out ;
+----------------------------------------+---------+
; random:comb_39|reg_values[6]           ; 19      ;
; random:comb_39|reg_values[0]           ; 15      ;
; random:comb_39|reg_values[12]          ; 5       ;
; random:comb_39|reg_values[11]          ; 4       ;
; random:comb_39|reg_values[10]          ; 5       ;
; random:comb_39|reg_values[9]           ; 4       ;
; random:comb_39|reg_values[8]           ; 5       ;
; random:comb_39|reg_values[7]           ; 4       ;
; Total number of inverted registers = 8 ;         ;
+----------------------------------------+---------+


+------------------------------------------------------------------------------------------------------------------------------------------------+
; Multiplexer Restructuring Statistics (Restructuring Performed)                                                                                 ;
+--------------------+-----------+---------------+----------------------+------------------------+------------+----------------------------------+
; Multiplexer Inputs ; Bus Width ; Baseline Area ; Area if Restructured ; Saving if Restructured ; Registered ; Example Multiplexer Output       ;
+--------------------+-----------+---------------+----------------------+------------------------+------------+----------------------------------+
; 10:1               ; 3 bits    ; 18 LEs        ; 12 LEs               ; 6 LEs                  ; Yes        ; |lab2|state.TIMER_DISPLAY        ;
; 11:1               ; 2 bits    ; 14 LEs        ; 8 LEs                ; 6 LEs                  ; Yes        ; |lab2|state.BLINKING             ;
; 10:1               ; 2 bits    ; 12 LEs        ; 8 LEs                ; 4 LEs                  ; Yes        ; |lab2|state.RESET                ;
; 6:1                ; 3 bits    ; 12 LEs        ; 9 LEs                ; 3 LEs                  ; No         ; |lab2|mux_4to1_case:comb_43|Mux1 ;
; 6:1                ; 3 bits    ; 12 LEs        ; 9 LEs                ; 3 LEs                  ; No         ; |lab2|mux_4to1_case:comb_44|Mux1 ;
; 6:1                ; 3 bits    ; 12 LEs        ; 9 LEs                ; 3 LEs                  ; No         ; |lab2|mux_4to1_case:comb_46|Mux3 ;
; 6:1                ; 3 bits    ; 12 LEs        ; 9 LEs                ; 3 LEs                  ; No         ; |lab2|mux_4to1_case:comb_46|Mux1 ;
; 6:1                ; 3 bits    ; 12 LEs        ; 9 LEs                ; 3 LEs                  ; No         ; |lab2|mux_4to1_case:comb_47|Mux0 ;
; 6:1                ; 2 bits    ; 8 LEs         ; 6 LEs                ; 2 LEs                  ; No         ; |lab2|mux_4to1_case:comb_48|Mux1 ;
; 6:1                ; 2 bits    ; 8 LEs         ; 8 LEs                ; 0 LEs                  ; No         ; |lab2|w_display_counter_start    ;
+--------------------+-----------+---------------+----------------------+------------------------+------------+----------------------------------+


+----------------------------------------------------------------------+
; Parameter Settings for User Entity Instance: Top-level Entity: |lab2 ;
+---------------------+-------+----------------------------------------+
; Parameter Name      ; Value ; Type                                   ;
+---------------------+-------+----------------------------------------+
; RESET               ; 000   ; Unsigned Binary                        ;
; RESUME              ; 001   ; Unsigned Binary                        ;
; BLINKING            ; 010   ; Unsigned Binary                        ;
; OFF                 ; 011   ; Unsigned Binary                        ;
; TIMER_DISPLAY       ; 100   ; Unsigned Binary                        ;
; WINNER_TIME_DISPLAY ; 101   ; Unsigned Binary                        ;
; CHEAT               ; 110   ; Unsigned Binary                        ;
; PRESSED             ; 0     ; Unsigned Binary                        ;
; RELEASED            ; 1     ; Unsigned Binary                        ;
; FALSE               ; 0     ; Unsigned Binary                        ;
; TRUE                ; 1     ; Unsigned Binary                        ;
+---------------------+-------+----------------------------------------+
Note: In order to hide this table in the UI and the text report file, please set the "Show Parameter Settings in Synthesis Report" option in "Analysis and Synthesis Settings -> More Settings" to "Off".


+--------------------------------------------------------------------+
; Parameter Settings for User Entity Instance: clock_divider:comb_36 ;
+----------------+-------+-------------------------------------------+
; Parameter Name ; Value ; Type                                      ;
+----------------+-------+-------------------------------------------+
; factor         ; 50000 ; Signed Integer                            ;
+----------------+-------+-------------------------------------------+
Note: In order to hide this table in the UI and the text report file, please set the "Show Parameter Settings in Synthesis Report" option in "Analysis and Synthesis Settings -> More Settings" to "Off".


+---------------------------------------------------------------+
; Parameter Settings for User Entity Instance: blinkHEX:comb_40 ;
+----------------+-------+--------------------------------------+
; Parameter Name ; Value ; Type                                 ;
+----------------+-------+--------------------------------------+
; factor         ; 200   ; Signed Integer                       ;
+----------------+-------+--------------------------------------+
Note: In order to hide this table in the UI and the text report file, please set the "Show Parameter Settings in Synthesis Report" option in "Analysis and Synthesis Settings -> More Settings" to "Off".


+---------------------------------------------------------------------------------+
; Parameter Settings for Inferred Entity Instance: random:comb_39|lpm_divide:Mod0 ;
+------------------------+----------------+---------------------------------------+
; Parameter Name         ; Value          ; Type                                  ;
+------------------------+----------------+---------------------------------------+
; LPM_WIDTHN             ; 14             ; Untyped                               ;
; LPM_WIDTHD             ; 13             ; Untyped                               ;
; LPM_NREPRESENTATION    ; UNSIGNED       ; Untyped                               ;
; LPM_DREPRESENTATION    ; UNSIGNED       ; Untyped                               ;
; LPM_PIPELINE           ; 0              ; Untyped                               ;
; LPM_REMAINDERPOSITIVE  ; TRUE           ; Untyped                               ;
; MAXIMIZE_SPEED         ; 5              ; Untyped                               ;
; CBXI_PARAMETER         ; lpm_divide_55m ; Untyped                               ;
; CARRY_CHAIN            ; MANUAL         ; Untyped                               ;
; OPTIMIZE_FOR_SPEED     ; 5              ; Untyped                               ;
; AUTO_CARRY_CHAINS      ; ON             ; AUTO_CARRY                            ;
; IGNORE_CARRY_BUFFERS   ; OFF            ; IGNORE_CARRY                          ;
; AUTO_CASCADE_CHAINS    ; ON             ; AUTO_CASCADE                          ;
; IGNORE_CASCADE_BUFFERS ; OFF            ; IGNORE_CASCADE                        ;
+------------------------+----------------+---------------------------------------+
Note: In order to hide this table in the UI and the text report file, please set the "Show Parameter Settings in Synthesis Report" option in "Analysis and Synthesis Settings -> More Settings" to "Off".


+---------------------------------------------------------------------------------------------------------------------+
; Port Connectivity Checks: "random:comb_39"                                                                          ;
+-----------+--------+----------+-------------------------------------------------------------------------------------+
; Port      ; Type   ; Severity ; Details                                                                             ;
+-----------+--------+----------+-------------------------------------------------------------------------------------+
; rnd_ready ; Output ; Info     ; Connected to dangling logic. Logic that only feeds a dangling port will be removed. ;
+-----------+--------+----------+-------------------------------------------------------------------------------------+


+--------------------------------------------------------------------------------------------------------------------------------------------------------------------------------------------------------------------+
; Port Connectivity Checks: "counter:comb_37"                                                                                                                                                                        ;
+------------+-------+----------+------------------------------------------------------------------------------------------------------------------------------------------------------------------------------------+
; Port       ; Type  ; Severity ; Details                                                                                                                                                                            ;
+------------+-------+----------+------------------------------------------------------------------------------------------------------------------------------------------------------------------------------------+
; enable     ; Input ; Warning  ; Input port expression (32 bits) is wider than the input port (1 bits) it drives.  The 31 most-significant bit(s) in the expression will be dangling if they have no other fanouts. ;
; enable[-1] ; Input ; Info     ; Stuck at VCC                                                                                                                                                                       ;
+------------+-------+----------+------------------------------------------------------------------------------------------------------------------------------------------------------------------------------------+


+-----------------------------------------------------+
; Post-Synthesis Netlist Statistics for Top Partition ;
+-----------------------+-----------------------------+
; Type                  ; Count                       ;
+-----------------------+-----------------------------+
; arriav_ff             ; 126                         ;
;     CLR               ; 23                          ;
;     CLR SCLR          ; 44                          ;
;     ENA CLR           ; 42                          ;
;     ENA CLR SCLR      ; 2                           ;
;     ENA SLD           ; 13                          ;
;     plain             ; 2                           ;
; arriav_lcell_comb     ; 664                         ;
;     arith             ; 119                         ;
;         0 data inputs ; 4                           ;
;         1 data inputs ; 97                          ;
;         2 data inputs ; 9                           ;
;         3 data inputs ; 7                           ;
;         4 data inputs ; 2                           ;
;     extend            ; 4                           ;
;         7 data inputs ; 4                           ;
;     normal            ; 527                         ;
;         0 data inputs ; 1                           ;
;         1 data inputs ; 12                          ;
;         2 data inputs ; 65                          ;
;         3 data inputs ; 47                          ;
;         4 data inputs ; 105                         ;
;         5 data inputs ; 142                         ;
;         6 data inputs ; 155                         ;
;     shared            ; 14                          ;
;         0 data inputs ; 1                           ;
;         1 data inputs ; 11                          ;
;         2 data inputs ; 2                           ;
; boundary_port         ; 57                          ;
;                       ;                             ;
; Max LUT depth         ; 13.00                       ;
; Average LUT depth     ; 7.64                        ;
+-----------------------+-----------------------------+


+-------------------------------+
; Elapsed Time Per Partition    ;
+----------------+--------------+
; Partition Name ; Elapsed Time ;
+----------------+--------------+
; Top            ; 00:00:18     ;
+----------------+--------------+


+-------------------------------+
; Analysis & Synthesis Messages ;
+-------------------------------+
Info: *******************************************************************
Info: Running Quartus Prime Analysis & Synthesis
    Info: Version 17.1.0 Build 590 10/25/2017 SJ Lite Edition
    Info: Processing started: Sun Feb 09 16:21:24 2020
Info: Command: quartus_map --read_settings_files=on --write_settings_files=off lab2 -c lab2
Warning (18236): Number of processors has not been specified which may cause overloading on shared machines.  Set the global assignment NUM_PARALLEL_PROCESSORS in your QSF to an appropriate value for best performance.
Info (20030): Parallel compilation is enabled and will use 2 of the 2 processors detected
Info (12021): Found 1 design units, including 1 entities, in source file counter.v
    Info (12023): Found entity 1: counter File: C:/Users/Adam/Programming/3tb4/2lab/counter.v Line: 1
Info (12021): Found 1 design units, including 1 entities, in source file clock_divider.v
    Info (12023): Found entity 1: clock_divider File: C:/Users/Adam/Programming/3tb4/2lab/clock_divider.v Line: 1
Info (12021): Found 1 design units, including 1 entities, in source file blinkhex.v
    Info (12023): Found entity 1: blinkHEX File: C:/Users/Adam/Programming/3tb4/2lab/blinkHEX.v Line: 1
Info (12021): Found 5 design units, including 5 entities, in source file lab2.v
    Info (12023): Found entity 1: random File: C:/Users/Adam/Programming/3tb4/2lab/lab2.v Line: 1
    Info (12023): Found entity 2: seven_seg_decoder File: C:/Users/Adam/Programming/3tb4/2lab/lab2.v Line: 54
    Info (12023): Found entity 3: mux_4to1_case File: C:/Users/Adam/Programming/3tb4/2lab/lab2.v Line: 82
    Info (12023): Found entity 4: hex_to_bcd_converter File: C:/Users/Adam/Programming/3tb4/2lab/lab2.v Line: 94
    Info (12023): Found entity 5: lab2 File: C:/Users/Adam/Programming/3tb4/2lab/lab2.v Line: 157
Critical Warning (10846): Verilog HDL Instantiation warning at lab2.v(219): instance has no name File: C:/Users/Adam/Programming/3tb4/2lab/lab2.v Line: 219
Critical Warning (10846): Verilog HDL Instantiation warning at lab2.v(221): instance has no name File: C:/Users/Adam/Programming/3tb4/2lab/lab2.v Line: 221
Critical Warning (10846): Verilog HDL Instantiation warning at lab2.v(223): instance has no name File: C:/Users/Adam/Programming/3tb4/2lab/lab2.v Line: 223
Critical Warning (10846): Verilog HDL Instantiation warning at lab2.v(225): instance has no name File: C:/Users/Adam/Programming/3tb4/2lab/lab2.v Line: 225
Critical Warning (10846): Verilog HDL Instantiation warning at lab2.v(227): instance has no name File: C:/Users/Adam/Programming/3tb4/2lab/lab2.v Line: 227
Critical Warning (10846): Verilog HDL Instantiation warning at lab2.v(233): instance has no name File: C:/Users/Adam/Programming/3tb4/2lab/lab2.v Line: 233
Critical Warning (10846): Verilog HDL Instantiation warning at lab2.v(238): instance has no name File: C:/Users/Adam/Programming/3tb4/2lab/lab2.v Line: 238
Critical Warning (10846): Verilog HDL Instantiation warning at lab2.v(242): instance has no name File: C:/Users/Adam/Programming/3tb4/2lab/lab2.v Line: 242
Critical Warning (10846): Verilog HDL Instantiation warning at lab2.v(243): instance has no name File: C:/Users/Adam/Programming/3tb4/2lab/lab2.v Line: 243
Critical Warning (10846): Verilog HDL Instantiation warning at lab2.v(244): instance has no name File: C:/Users/Adam/Programming/3tb4/2lab/lab2.v Line: 244
Critical Warning (10846): Verilog HDL Instantiation warning at lab2.v(245): instance has no name File: C:/Users/Adam/Programming/3tb4/2lab/lab2.v Line: 245
Critical Warning (10846): Verilog HDL Instantiation warning at lab2.v(246): instance has no name File: C:/Users/Adam/Programming/3tb4/2lab/lab2.v Line: 246
Critical Warning (10846): Verilog HDL Instantiation warning at lab2.v(247): instance has no name File: C:/Users/Adam/Programming/3tb4/2lab/lab2.v Line: 247
Info (12127): Elaborating entity "lab2" for the top level hierarchy
Warning (10240): Verilog HDL Always Construct warning at lab2.v(302): inferring latch(es) for variable "winner_time", which holds its previous value in one or more paths through the always construct File: C:/Users/Adam/Programming/3tb4/2lab/lab2.v Line: 302
Warning (10240): Verilog HDL Always Construct warning at lab2.v(302): inferring latch(es) for variable "player1_cheating", which holds its previous value in one or more paths through the always construct File: C:/Users/Adam/Programming/3tb4/2lab/lab2.v Line: 302
Warning (10240): Verilog HDL Always Construct warning at lab2.v(302): inferring latch(es) for variable "player2_cheating", which holds its previous value in one or more paths through the always construct File: C:/Users/Adam/Programming/3tb4/2lab/lab2.v Line: 302
Info (10041): Inferred latch for "player2_cheating" at lab2.v(302) File: C:/Users/Adam/Programming/3tb4/2lab/lab2.v Line: 302
Info (10041): Inferred latch for "player1_cheating" at lab2.v(302) File: C:/Users/Adam/Programming/3tb4/2lab/lab2.v Line: 302
Info (10041): Inferred latch for "winner_time[0]" at lab2.v(302) File: C:/Users/Adam/Programming/3tb4/2lab/lab2.v Line: 302
Info (10041): Inferred latch for "winner_time[1]" at lab2.v(302) File: C:/Users/Adam/Programming/3tb4/2lab/lab2.v Line: 302
Info (10041): Inferred latch for "winner_time[2]" at lab2.v(302) File: C:/Users/Adam/Programming/3tb4/2lab/lab2.v Line: 302
Info (10041): Inferred latch for "winner_time[3]" at lab2.v(302) File: C:/Users/Adam/Programming/3tb4/2lab/lab2.v Line: 302
Info (10041): Inferred latch for "winner_time[4]" at lab2.v(302) File: C:/Users/Adam/Programming/3tb4/2lab/lab2.v Line: 302
Info (10041): Inferred latch for "winner_time[5]" at lab2.v(302) File: C:/Users/Adam/Programming/3tb4/2lab/lab2.v Line: 302
Info (10041): Inferred latch for "winner_time[6]" at lab2.v(302) File: C:/Users/Adam/Programming/3tb4/2lab/lab2.v Line: 302
Info (10041): Inferred latch for "winner_time[7]" at lab2.v(302) File: C:/Users/Adam/Programming/3tb4/2lab/lab2.v Line: 302
Info (10041): Inferred latch for "winner_time[8]" at lab2.v(302) File: C:/Users/Adam/Programming/3tb4/2lab/lab2.v Line: 302
Info (10041): Inferred latch for "winner_time[9]" at lab2.v(302) File: C:/Users/Adam/Programming/3tb4/2lab/lab2.v Line: 302
Info (10041): Inferred latch for "winner_time[10]" at lab2.v(302) File: C:/Users/Adam/Programming/3tb4/2lab/lab2.v Line: 302
Info (10041): Inferred latch for "winner_time[11]" at lab2.v(302) File: C:/Users/Adam/Programming/3tb4/2lab/lab2.v Line: 302
Info (10041): Inferred latch for "winner_time[12]" at lab2.v(302) File: C:/Users/Adam/Programming/3tb4/2lab/lab2.v Line: 302
Info (10041): Inferred latch for "winner_time[13]" at lab2.v(302) File: C:/Users/Adam/Programming/3tb4/2lab/lab2.v Line: 302
Info (10041): Inferred latch for "winner_time[14]" at lab2.v(302) File: C:/Users/Adam/Programming/3tb4/2lab/lab2.v Line: 302
Info (10041): Inferred latch for "winner_time[15]" at lab2.v(302) File: C:/Users/Adam/Programming/3tb4/2lab/lab2.v Line: 302
Info (10041): Inferred latch for "winner_time[16]" at lab2.v(302) File: C:/Users/Adam/Programming/3tb4/2lab/lab2.v Line: 302
Info (10041): Inferred latch for "winner_time[17]" at lab2.v(302) File: C:/Users/Adam/Programming/3tb4/2lab/lab2.v Line: 302
Info (10041): Inferred latch for "winner_time[18]" at lab2.v(302) File: C:/Users/Adam/Programming/3tb4/2lab/lab2.v Line: 302
Info (10041): Inferred latch for "winner_time[19]" at lab2.v(302) File: C:/Users/Adam/Programming/3tb4/2lab/lab2.v Line: 302
Info (10018): Can't recognize finite state machine "state" because it has a complex reset state
Info (12128): Elaborating entity "clock_divider" for hierarchy "clock_divider:comb_36" File: C:/Users/Adam/Programming/3tb4/2lab/lab2.v Line: 219
Info (12128): Elaborating entity "counter" for hierarchy "counter:comb_37" File: C:/Users/Adam/Programming/3tb4/2lab/lab2.v Line: 221
Warning (10230): Verilog HDL assignment warning at counter.v(15): truncated value with size 32 to match size of target (20) File: C:/Users/Adam/Programming/3tb4/2lab/counter.v Line: 15
Info (12128): Elaborating entity "random" for hierarchy "random:comb_39" File: C:/Users/Adam/Programming/3tb4/2lab/lab2.v Line: 225
Warning (10240): Verilog HDL Always Construct warning at lab2.v(15): inferring latch(es) for variable "enable", which holds its previous value in one or more paths through the always construct File: C:/Users/Adam/Programming/3tb4/2lab/lab2.v Line: 15
Warning (10240): Verilog HDL Always Construct warning at lab2.v(15): inferring latch(es) for variable "rnd_ready", which holds its previous value in one or more paths through the always construct File: C:/Users/Adam/Programming/3tb4/2lab/lab2.v Line: 15
Info (10041): Inferred latch for "rnd_ready" at lab2.v(24) File: C:/Users/Adam/Programming/3tb4/2lab/lab2.v Line: 24
Info (10041): Inferred latch for "enable" at lab2.v(24) File: C:/Users/Adam/Programming/3tb4/2lab/lab2.v Line: 24
Info (12128): Elaborating entity "blinkHEX" for hierarchy "blinkHEX:comb_40" File: C:/Users/Adam/Programming/3tb4/2lab/lab2.v Line: 227
Warning (10230): Verilog HDL assignment warning at blinkHEX.v(23): truncated value with size 32 to match size of target (12) File: C:/Users/Adam/Programming/3tb4/2lab/blinkHEX.v Line: 23
Warning (10230): Verilog HDL assignment warning at blinkHEX.v(33): truncated value with size 32 to match size of target (12) File: C:/Users/Adam/Programming/3tb4/2lab/blinkHEX.v Line: 33
Info (12128): Elaborating entity "hex_to_bcd_converter" for hierarchy "hex_to_bcd_converter:comb_41" File: C:/Users/Adam/Programming/3tb4/2lab/lab2.v Line: 233
Warning (10036): Verilog HDL or VHDL warning at lab2.v(96): object "hex_number1" assigned a value but never read File: C:/Users/Adam/Programming/3tb4/2lab/lab2.v Line: 96
Warning (10230): Verilog HDL assignment warning at lab2.v(122): truncated value with size 32 to match size of target (4) File: C:/Users/Adam/Programming/3tb4/2lab/lab2.v Line: 122
Info (12128): Elaborating entity "mux_4to1_case" for hierarchy "mux_4to1_case:comb_43" File: C:/Users/Adam/Programming/3tb4/2lab/lab2.v Line: 242
Info (12128): Elaborating entity "seven_seg_decoder" for hierarchy "seven_seg_decoder:decoder0" File: C:/Users/Adam/Programming/3tb4/2lab/lab2.v Line: 250
Info (278001): Inferred 1 megafunctions from design logic
    Info (278004): Inferred divider/modulo megafunction ("lpm_divide") from the following logic: "random:comb_39|Mod0" File: C:/Users/Adam/Programming/3tb4/2lab/lab2.v Line: 47
Info (12130): Elaborated megafunction instantiation "random:comb_39|lpm_divide:Mod0" File: C:/Users/Adam/Programming/3tb4/2lab/lab2.v Line: 47
Info (12133): Instantiated megafunction "random:comb_39|lpm_divide:Mod0" with the following parameter: File: C:/Users/Adam/Programming/3tb4/2lab/lab2.v Line: 47
    Info (12134): Parameter "LPM_WIDTHN" = "14"
    Info (12134): Parameter "LPM_WIDTHD" = "13"
    Info (12134): Parameter "LPM_NREPRESENTATION" = "UNSIGNED"
    Info (12134): Parameter "LPM_DREPRESENTATION" = "UNSIGNED"
Info (12021): Found 1 design units, including 1 entities, in source file db/lpm_divide_55m.tdf
    Info (12023): Found entity 1: lpm_divide_55m File: C:/Users/Adam/Programming/3tb4/2lab/db/lpm_divide_55m.tdf Line: 24
Info (12021): Found 1 design units, including 1 entities, in source file db/sign_div_unsign_8nh.tdf
    Info (12023): Found entity 1: sign_div_unsign_8nh File: C:/Users/Adam/Programming/3tb4/2lab/db/sign_div_unsign_8nh.tdf Line: 24
Info (12021): Found 1 design units, including 1 entities, in source file db/alt_u_div_m2f.tdf
    Info (12023): Found entity 1: alt_u_div_m2f File: C:/Users/Adam/Programming/3tb4/2lab/db/alt_u_div_m2f.tdf Line: 22
Warning (12241): 1 hierarchies have connectivity warnings - see the Connectivity Checks report folder
Warning (13012): Latch winner_time[0] has unsafe behavior File: C:/Users/Adam/Programming/3tb4/2lab/lab2.v Line: 302
    Warning (13013): Ports D and ENA on the latch are fed by the same signal state.TIMER_DISPLAY File: C:/Users/Adam/Programming/3tb4/2lab/lab2.v Line: 165
Warning (13012): Latch winner_time[1] has unsafe behavior File: C:/Users/Adam/Programming/3tb4/2lab/lab2.v Line: 302
    Warning (13013): Ports D and ENA on the latch are fed by the same signal state.TIMER_DISPLAY File: C:/Users/Adam/Programming/3tb4/2lab/lab2.v Line: 165
Warning (13012): Latch winner_time[2] has unsafe behavior File: C:/Users/Adam/Programming/3tb4/2lab/lab2.v Line: 302
    Warning (13013): Ports D and ENA on the latch are fed by the same signal state.TIMER_DISPLAY File: C:/Users/Adam/Programming/3tb4/2lab/lab2.v Line: 165
Warning (13012): Latch winner_time[3] has unsafe behavior File: C:/Users/Adam/Programming/3tb4/2lab/lab2.v Line: 302
    Warning (13013): Ports D and ENA on the latch are fed by the same signal state.TIMER_DISPLAY File: C:/Users/Adam/Programming/3tb4/2lab/lab2.v Line: 165
Warning (13012): Latch winner_time[4] has unsafe behavior File: C:/Users/Adam/Programming/3tb4/2lab/lab2.v Line: 302
    Warning (13013): Ports D and ENA on the latch are fed by the same signal state.TIMER_DISPLAY File: C:/Users/Adam/Programming/3tb4/2lab/lab2.v Line: 165
Warning (13012): Latch winner_time[5] has unsafe behavior File: C:/Users/Adam/Programming/3tb4/2lab/lab2.v Line: 302
    Warning (13013): Ports D and ENA on the latch are fed by the same signal state.TIMER_DISPLAY File: C:/Users/Adam/Programming/3tb4/2lab/lab2.v Line: 165
Warning (13012): Latch winner_time[6] has unsafe behavior File: C:/Users/Adam/Programming/3tb4/2lab/lab2.v Line: 302
    Warning (13013): Ports D and ENA on the latch are fed by the same signal state.TIMER_DISPLAY File: C:/Users/Adam/Programming/3tb4/2lab/lab2.v Line: 165
Warning (13012): Latch winner_time[7] has unsafe behavior File: C:/Users/Adam/Programming/3tb4/2lab/lab2.v Line: 302
    Warning (13013): Ports D and ENA on the latch are fed by the same signal state.TIMER_DISPLAY File: C:/Users/Adam/Programming/3tb4/2lab/lab2.v Line: 165
Warning (13012): Latch winner_time[8] has unsafe behavior File: C:/Users/Adam/Programming/3tb4/2lab/lab2.v Line: 302
    Warning (13013): Ports D and ENA on the latch are fed by the same signal state.TIMER_DISPLAY File: C:/Users/Adam/Programming/3tb4/2lab/lab2.v Line: 165
Warning (13012): Latch winner_time[9] has unsafe behavior File: C:/Users/Adam/Programming/3tb4/2lab/lab2.v Line: 302
    Warning (13013): Ports D and ENA on the latch are fed by the same signal state.TIMER_DISPLAY File: C:/Users/Adam/Programming/3tb4/2lab/lab2.v Line: 165
Warning (13012): Latch winner_time[10] has unsafe behavior File: C:/Users/Adam/Programming/3tb4/2lab/lab2.v Line: 302
    Warning (13013): Ports D and ENA on the latch are fed by the same signal state.TIMER_DISPLAY File: C:/Users/Adam/Programming/3tb4/2lab/lab2.v Line: 165
Warning (13012): Latch winner_time[11] has unsafe behavior File: C:/Users/Adam/Programming/3tb4/2lab/lab2.v Line: 302
    Warning (13013): Ports D and ENA on the latch are fed by the same signal state.TIMER_DISPLAY File: C:/Users/Adam/Programming/3tb4/2lab/lab2.v Line: 165
Warning (13012): Latch winner_time[12] has unsafe behavior File: C:/Users/Adam/Programming/3tb4/2lab/lab2.v Line: 302
    Warning (13013): Ports D and ENA on the latch are fed by the same signal state.TIMER_DISPLAY File: C:/Users/Adam/Programming/3tb4/2lab/lab2.v Line: 165
Warning (13012): Latch winner_time[13] has unsafe behavior File: C:/Users/Adam/Programming/3tb4/2lab/lab2.v Line: 302
    Warning (13013): Ports D and ENA on the latch are fed by the same signal state.TIMER_DISPLAY File: C:/Users/Adam/Programming/3tb4/2lab/lab2.v Line: 165
Warning (13012): Latch winner_time[14] has unsafe behavior File: C:/Users/Adam/Programming/3tb4/2lab/lab2.v Line: 302
    Warning (13013): Ports D and ENA on the latch are fed by the same signal state.TIMER_DISPLAY File: C:/Users/Adam/Programming/3tb4/2lab/lab2.v Line: 165
Warning (13012): Latch winner_time[15] has unsafe behavior File: C:/Users/Adam/Programming/3tb4/2lab/lab2.v Line: 302
    Warning (13013): Ports D and ENA on the latch are fed by the same signal state.TIMER_DISPLAY File: C:/Users/Adam/Programming/3tb4/2lab/lab2.v Line: 165
Warning (13012): Latch winner_time[16] has unsafe behavior File: C:/Users/Adam/Programming/3tb4/2lab/lab2.v Line: 302
    Warning (13013): Ports D and ENA on the latch are fed by the same signal state.TIMER_DISPLAY File: C:/Users/Adam/Programming/3tb4/2lab/lab2.v Line: 165
Warning (13012): Latch winner_time[17] has unsafe behavior File: C:/Users/Adam/Programming/3tb4/2lab/lab2.v Line: 302
    Warning (13013): Ports D and ENA on the latch are fed by the same signal state.TIMER_DISPLAY File: C:/Users/Adam/Programming/3tb4/2lab/lab2.v Line: 165
Warning (13012): Latch winner_time[19] has unsafe behavior File: C:/Users/Adam/Programming/3tb4/2lab/lab2.v Line: 302
    Warning (13013): Ports D and ENA on the latch are fed by the same signal state.TIMER_DISPLAY File: C:/Users/Adam/Programming/3tb4/2lab/lab2.v Line: 165
Warning (13012): Latch winner_time[18] has unsafe behavior File: C:/Users/Adam/Programming/3tb4/2lab/lab2.v Line: 302
    Warning (13013): Ports D and ENA on the latch are fed by the same signal state.TIMER_DISPLAY File: C:/Users/Adam/Programming/3tb4/2lab/lab2.v Line: 165
Warning (13004): Presettable and clearable registers converted to equivalent circuits with latches. Registers power-up to an undefined state, and DEVCLRn places the registers in an undefined state.
    Warning (13310): Register "state.RESET" is converted into an equivalent circuit using register "state.RESET~_emulated" and latch "state.RESET~1" File: C:/Users/Adam/Programming/3tb4/2lab/lab2.v Line: 165
    Warning (13310): Register "state.RESUME" is converted into an equivalent circuit using register "state.RESUME~_emulated" and latch "state.RESUME~1" File: C:/Users/Adam/Programming/3tb4/2lab/lab2.v Line: 165
Info (286030): Timing-Driven Synthesis is running
Info (16010): Generating hard_block partition "hard_block:auto_generated_inst"
    Info (16011): Adding 0 node(s), including 0 DDIO, 0 PLL, 0 transceiver and 0 LCELL
Info (21057): Implemented 748 device resources after synthesis - the final resource count might be different
    Info (21058): Implemented 5 input pins
    Info (21059): Implemented 52 output pins
    Info (21061): Implemented 691 logic cells
Info: Quartus Prime Analysis & Synthesis was successful. 0 errors, 68 warnings
    Info: Peak virtual memory: 4855 megabytes
    Info: Processing ended: Sun Feb 09 16:22:06 2020
    Info: Elapsed time: 00:00:42
    Info: Total CPU time (on all processors): 00:01:10


