Flow report for lab1part1
Wed Jan 29 01:14:15 2020
Quartus Prime Version 17.1.0 Build 590 10/25/2017 SJ Lite Edition


---------------------
; Table of Contents ;
---------------------
  1. Legal Notice
  2. Flow Summary
  3. Flow Settings
  4. Flow Non-Default Global Settings
  5. Flow Elapsed Time
  6. Flow OS Summary
  7. Flow Log
  8. Flow Messages
  9. Flow Suppressed Messages



----------------
; Legal Notice ;
----------------
Copyright (C) 2017  Intel Corporation. All rights reserved.
Your use of Intel Corporation's design tools, logic functions 
and other software and tools, and its AMPP partner logic 
functions, and any output files from any of the foregoing 
(including device programming or simulation files), and any 
associated documentation or information are expressly subject 
to the terms and conditions of the Intel Program License 
Subscription Agreement, the Intel Quartus Prime License Agreement,
the Intel FPGA IP License Agreement, or other applicable license
agreement, including, without limitation, that your use is for
the sole purpose of programming logic devices manufactured by
Intel and sold by Intel or its authorized distributors.  Please
refer to the applicable agreement for further details.



+-------------------------------------------------------------------------------+
; Flow Summary                                                                  ;
+---------------------------------+---------------------------------------------+
; Flow Status                     ; Successful - Wed Jan 29 01:14:15 2020       ;
; Quartus Prime Version           ; 17.1.0 Build 590 10/25/2017 SJ Lite Edition ;
; Revision Name                   ; lab1part1                                   ;
; Top-level Entity Name           ; mux_4to1_case                               ;
; Family                          ; Cyclone V                                   ;
; Device                          ; 5CGXFC7C7F23C8                              ;
; Timing Models                   ; Final                                       ;
; Logic utilization (in ALMs)     ; 2 / 56,480 ( < 1 % )                        ;
; Total registers                 ; 0                                           ;
; Total pins                      ; 7 / 268 ( 3 % )                             ;
; Total virtual pins              ; 0                                           ;
; Total block memory bits         ; 0 / 7,024,640 ( 0 % )                       ;
; Total DSP Blocks                ; 0 / 156 ( 0 % )                             ;
; Total HSSI RX PCSs              ; 0 / 6 ( 0 % )                               ;
; Total HSSI PMA RX Deserializers ; 0 / 6 ( 0 % )                               ;
; Total HSSI TX PCSs              ; 0 / 6 ( 0 % )                               ;
; Total HSSI PMA TX Serializers   ; 0 / 6 ( 0 % )                               ;
; Total PLLs                      ; 0 / 13 ( 0 % )                              ;
; Total DLLs                      ; 0 / 4 ( 0 % )                               ;
+---------------------------------+---------------------------------------------+


+-----------------------------------------+
; Flow Settings                           ;
+-------------------+---------------------+
; Option            ; Setting             ;
+-------------------+---------------------+
; Start date & time ; 01/29/2020 01:09:44 ;
; Main task         ; Compilation         ;
; Revision Name     ; lab1part1           ;
+-------------------+---------------------+


+---------------------------------------------------------------------------------------------------------------------------+
; Flow Non-Default Global Settings                                                                                          ;
+-------------------------------------+----------------------------------------+---------------+---------------+------------+
; Assignment Name                     ; Value                                  ; Default Value ; Entity Name   ; Section Id ;
+-------------------------------------+----------------------------------------+---------------+---------------+------------+
; COMPILER_SIGNATURE_ID               ; 75361033362422.158027818316240         ; --            ; --            ; --         ;
; MAX_CORE_JUNCTION_TEMP              ; 85                                     ; --            ; --            ; --         ;
; MIN_CORE_JUNCTION_TEMP              ; 0                                      ; --            ; --            ; --         ;
; PARTITION_COLOR                     ; -- (Not supported for targeted family) ; --            ; mux_4to1_case ; Top        ;
; PARTITION_FITTER_PRESERVATION_LEVEL ; -- (Not supported for targeted family) ; --            ; mux_4to1_case ; Top        ;
; PARTITION_NETLIST_TYPE              ; -- (Not supported for targeted family) ; --            ; mux_4to1_case ; Top        ;
; POWER_BOARD_THERMAL_MODEL           ; None (CONSERVATIVE)                    ; --            ; --            ; --         ;
; POWER_PRESET_COOLING_SOLUTION       ; 23 MM HEAT SINK WITH 200 LFPM AIRFLOW  ; --            ; --            ; --         ;
; PROJECT_OUTPUT_DIRECTORY            ; output_files                           ; --            ; --            ; --         ;
; TOP_LEVEL_ENTITY                    ; mux_4to1_case                          ; lab1part1     ; --            ; --         ;
+-------------------------------------+----------------------------------------+---------------+---------------+------------+


+-------------------------------------------------------------------------------------------------------------------------------+
; Flow Elapsed Time                                                                                                             ;
+---------------------------+--------------+-------------------------+---------------------+------------------------------------+
; Module Name               ; Elapsed Time ; Average Processors Used ; Peak Virtual Memory ; Total CPU Time (on all processors) ;
+---------------------------+--------------+-------------------------+---------------------+------------------------------------+
; Analysis & Synthesis      ; 00:00:12     ; 1.0                     ; 4820 MB             ; 00:00:22                           ;
; Fitter                    ; 00:00:30     ; 1.0                     ; 6691 MB             ; 00:00:49                           ;
; Assembler                 ; 00:00:08     ; 1.0                     ; 4828 MB             ; 00:00:08                           ;
; TimeQuest Timing Analyzer ; 00:00:05     ; 1.0                     ; 5178 MB             ; 00:00:06                           ;
; EDA Netlist Writer        ; 00:00:01     ; 1.0                     ; 4715 MB             ; 00:00:01                           ;
; EDA Netlist Writer        ; 00:00:01     ; 1.0                     ; 4715 MB             ; 00:00:01                           ;
; EDA Netlist Writer        ; 00:00:01     ; 1.0                     ; 4724 MB             ; 00:00:01                           ;
; EDA Netlist Writer        ; 00:00:02     ; 1.0                     ; 4715 MB             ; 00:00:01                           ;
; EDA Netlist Writer        ; 00:00:02     ; 1.0                     ; 4724 MB             ; 00:00:01                           ;
; Total                     ; 00:01:02     ; --                      ; --                  ; 00:01:30                           ;
+---------------------------+--------------+-------------------------+---------------------+------------------------------------+


+-----------------------------------------------------------------------------------------+
; Flow OS Summary                                                                         ;
+---------------------------+------------------+------------+------------+----------------+
; Module Name               ; Machine Hostname ; OS Name    ; OS Version ; Processor type ;
+---------------------------+------------------+------------+------------+----------------+
; Analysis & Synthesis      ; UNICORN          ; Windows 10 ; 10.0       ; x86_64         ;
; Fitter                    ; UNICORN          ; Windows 10 ; 10.0       ; x86_64         ;
; Assembler                 ; UNICORN          ; Windows 10 ; 10.0       ; x86_64         ;
; TimeQuest Timing Analyzer ; UNICORN          ; Windows 10 ; 10.0       ; x86_64         ;
; EDA Netlist Writer        ; UNICORN          ; Windows 10 ; 10.0       ; x86_64         ;
; EDA Netlist Writer        ; UNICORN          ; Windows 10 ; 10.0       ; x86_64         ;
; EDA Netlist Writer        ; UNICORN          ; Windows 10 ; 10.0       ; x86_64         ;
; EDA Netlist Writer        ; UNICORN          ; Windows 10 ; 10.0       ; x86_64         ;
; EDA Netlist Writer        ; UNICORN          ; Windows 10 ; 10.0       ; x86_64         ;
+---------------------------+------------------+------------+------------+----------------+


------------
; Flow Log ;
------------
quartus_map --read_settings_files=on --write_settings_files=off lab1part1 -c lab1part1
quartus_fit --read_settings_files=off --write_settings_files=off lab1part1 -c lab1part1
quartus_asm --read_settings_files=off --write_settings_files=off lab1part1 -c lab1part1
quartus_sta lab1part1 -c lab1part1
quartus_eda --gen_testbench --tool=modelsim_oem --format=verilog --write_settings_files=off lab1part1 -c lab1part1 --vector_source=C:/Users/Adam/Programming/Verilog/3tb4/lab1part1/Waveform.vwf --testbench_file=C:/Users/Adam/Programming/Verilog/3tb4/lab1part1/simulation/qsim/Waveform.vwf.vt
quartus_eda --gen_testbench --tool=modelsim_oem --format=verilog --write_settings_files=off lab1part1 -c lab1part1 --vector_source=C:/Users/Adam/Programming/Verilog/3tb4/lab1part1/mux_4to1_case.vwf --testbench_file=C:/Users/Adam/Programming/Verilog/3tb4/lab1part1/simulation/qsim/mux_4to1_case.vwf.vt
quartus_eda --write_settings_files=off --simulation=on --functional=on --flatten_buses=off --tool=modelsim_oem --format=verilog --output_directory=C:/Users/Adam/Programming/Verilog/3tb4/lab1part1/simulation/qsim/ lab1part1 -c lab1part1
quartus_eda --gen_testbench --tool=modelsim_oem --format=verilog --write_settings_files=off lab1part1 -c lab1part1 --vector_source=C:/Users/Adam/Programming/Verilog/3tb4/lab1part1/mux_4to1_case.vwf --testbench_file=C:/Users/Adam/Programming/Verilog/3tb4/lab1part1/simulation/qsim/mux_4to1_case.vwf.vt
quartus_eda --write_settings_files=off --simulation=on --functional=on --flatten_buses=off --tool=modelsim_oem --format=verilog --output_directory=C:/Users/Adam/Programming/Verilog/3tb4/lab1part1/simulation/qsim/ lab1part1 -c lab1part1



